0 silly input [ 'dev' ]
1 silly flags {
1 silly flags   _: [ 'run' ],
1 silly flags   'reject-cycles': false,
1 silly flags   rejectCycles: false,
1 silly flags   parallel: true,
1 silly flags   script: 'dev',
1 silly flags   args: []
1 silly flags }
2 verbose rootPath /Users/pkolasa/Desktop/PWA test app with Milosz/spa-dla-psa
3 info version 2.11.0
4 silly existsSync /Users/pkolasa/Desktop/PWA test app with Milosz/spa-dla-psa/VERSION
5 silly initialize attempt
6 silly initialize success
7 silly execute attempt
8 info run in 2 package(s): npm run dev
9 silly runScriptInPackageStreaming [ 'dev', [], 'back' ]
10 silly getExecOpts {
10 silly getExecOpts   cwd: '/Users/pkolasa/Desktop/PWA test app with Milosz/spa-dla-psa/packages/back'
10 silly getExecOpts }
11 silly runScriptInPackageStreaming [ 'dev', [], 'front' ]
12 silly getExecOpts {
12 silly getExecOpts   cwd: '/Users/pkolasa/Desktop/PWA test app with Milosz/spa-dla-psa/packages/front'
12 silly getExecOpts }
13 error execute callback with error
14 error Error: Command failed: yarn run dev
14 error error Command failed with exit code 1.
14 error
14 error $ strapi develop
14 error Starting the compilation for TypeScript files in /Users/pkolasa/Desktop/PWA test app with Milosz/spa-dla-psa/packages/back
14 error Building your admin UI with development configuration...
14 error Admin UI built successfully
14 error [2022-08-24 11:02:02.741] [34mdebug[39m: ⛔️ Server wasn't able to start properly.
14 error [2022-08-24 11:02:02.747] [31merror[39m: Middleware "strapi::session": App keys are required. Please set app.keys in config/server.js (ex: keys: ['myKeyA', 'myKeyB'])
14 error Error: Middleware "strapi::session": App keys are required. Please set app.keys in config/server.js (ex: keys: ['myKeyA', 'myKeyB'])
14 error     at instantiateMiddleware (/Users/pkolasa/Desktop/PWA test app with Milosz/spa-dla-psa/node_modules/@strapi/strapi/lib/services/server/middleware.js:12:11)
14 error     at resolveMiddlewares (/Users/pkolasa/Desktop/PWA test app with Milosz/spa-dla-psa/node_modules/@strapi/strapi/lib/services/server/middleware.js:56:18)
14 error     at registerApplicationMiddlewares (/Users/pkolasa/Desktop/PWA test app with Milosz/spa-dla-psa/node_modules/@strapi/strapi/lib/services/server/register-middlewares.js:66:29)
14 error     at async Object.initMiddlewares (/Users/pkolasa/Desktop/PWA test app with Milosz/spa-dla-psa/node_modules/@strapi/strapi/lib/services/server/index.js:99:7)
14 error     at async Strapi.bootstrap (/Users/pkolasa/Desktop/PWA test app with Milosz/spa-dla-psa/node_modules/@strapi/strapi/lib/Strapi.js:445:5)
14 error     at async Strapi.load (/Users/pkolasa/Desktop/PWA test app with Milosz/spa-dla-psa/node_modules/@strapi/strapi/lib/Strapi.js:457:5)
14 error     at async Strapi.start (/Users/pkolasa/Desktop/PWA test app with Milosz/spa-dla-psa/node_modules/@strapi/strapi/lib/Strapi.js:198:9)
14 error info Visit https://yarnpkg.com/en/docs/cli/run for documentation about this command.
14 error
14 error     at /Users/pkolasa/Desktop/PWA test app with Milosz/spa-dla-psa/node_modules/lerna/node_modules/execa/index.js:236:11
